16:07:31 **** Build of configuration Debug for project Car Parking Sensor ****
make all 
Building file: ../MCAL/adc.c
Invoking: AVR Compiler
avr-gcc -Wall -g2 -gstabs -O0 -fpack-struct -fshort-enums -ffunction-sections -fdata-sections -std=gnu99 -funsigned-char -funsigned-bitfields -mmcu=atmega32 -DF_CPU=16000000UL -MMD -MP -MF"MCAL/adc.d" -MT"MCAL/adc.o" -c -o "MCAL/adc.o" "../MCAL/adc.c"
Finished building: ../MCAL/adc.c
 
Building file: ../MCAL/gpio.c
Invoking: AVR Compiler
avr-gcc -Wall -g2 -gstabs -O0 -fpack-struct -fshort-enums -ffunction-sections -fdata-sections -std=gnu99 -funsigned-char -funsigned-bitfields -mmcu=atmega32 -DF_CPU=16000000UL -MMD -MP -MF"MCAL/gpio.d" -MT"MCAL/gpio.o" -c -o "MCAL/gpio.o" "../MCAL/gpio.c"
Finished building: ../MCAL/gpio.c
 
Building file: ../MCAL/icu.c
Invoking: AVR Compiler
avr-gcc -Wall -g2 -gstabs -O0 -fpack-struct -fshort-enums -ffunction-sections -fdata-sections -std=gnu99 -funsigned-char -funsigned-bitfields -mmcu=atmega32 -DF_CPU=16000000UL -MMD -MP -MF"MCAL/icu.d" -MT"MCAL/icu.o" -c -o "MCAL/icu.o" "../MCAL/icu.c"
../MCAL/icu.c: In function 'ICU_setCallBack':
../MCAL/icu.c:73: warning: function return types not compatible due to 'volatile'
Finished building: ../MCAL/icu.c
 
Building file: ../MCAL/pwm.c
Invoking: AVR Compiler
avr-gcc -Wall -g2 -gstabs -O0 -fpack-struct -fshort-enums -ffunction-sections -fdata-sections -std=gnu99 -funsigned-char -funsigned-bitfields -mmcu=atmega32 -DF_CPU=16000000UL -MMD -MP -MF"MCAL/pwm.d" -MT"MCAL/pwm.o" -c -o "MCAL/pwm.o" "../MCAL/pwm.c"
Finished building: ../MCAL/pwm.c
 
Building file: ../HAL/buzzer.c
Invoking: AVR Compiler
avr-gcc -Wall -g2 -gstabs -O0 -fpack-struct -fshort-enums -ffunction-sections -fdata-sections -std=gnu99 -funsigned-char -funsigned-bitfields -mmcu=atmega32 -DF_CPU=16000000UL -MMD -MP -MF"HAL/buzzer.d" -MT"HAL/buzzer.o" -c -o "HAL/buzzer.o" "../HAL/buzzer.c"
Finished building: ../HAL/buzzer.c
 
Building file: ../HAL/lcd.c
Invoking: AVR Compiler
avr-gcc -Wall -g2 -gstabs -O0 -fpack-struct -fshort-enums -ffunction-sections -fdata-sections -std=gnu99 -funsigned-char -funsigned-bitfields -mmcu=atmega32 -DF_CPU=16000000UL -MMD -MP -MF"HAL/lcd.d" -MT"HAL/lcd.o" -c -o "HAL/lcd.o" "../HAL/lcd.c"
In file included from ../HAL/lcd.h:11,
                 from ../HAL/lcd.c:7:
c:/winavr-20100110/lib/gcc/../../avr/include/util/delay.h:90:3: warning: #warning "Compiler optimizations disabled; functions from <util/delay.h> won't work as designed"
Finished building: ../HAL/lcd.c
 
Building file: ../HAL/leds.c
Invoking: AVR Compiler
avr-gcc -Wall -g2 -gstabs -O0 -fpack-struct -fshort-enums -ffunction-sections -fdata-sections -std=gnu99 -funsigned-char -funsigned-bitfields -mmcu=atmega32 -DF_CPU=16000000UL -MMD -MP -MF"HAL/leds.d" -MT"HAL/leds.o" -c -o "HAL/leds.o" "../HAL/leds.c"
Finished building: ../HAL/leds.c
 
Building file: ../HAL/ultrasonic_sensor.c
Invoking: AVR Compiler
avr-gcc -Wall -g2 -gstabs -O0 -fpack-struct -fshort-enums -ffunction-sections -fdata-sections -std=gnu99 -funsigned-char -funsigned-bitfields -mmcu=atmega32 -DF_CPU=16000000UL -MMD -MP -MF"HAL/ultrasonic_sensor.d" -MT"HAL/ultrasonic_sensor.o" -c -o "HAL/ultrasonic_sensor.o" "../HAL/ultrasonic_sensor.c"
In file included from ../HAL/ultrasonic_sensor.h:10,
                 from ../HAL/ultrasonic_sensor.c:7:
c:/winavr-20100110/lib/gcc/../../avr/include/util/delay.h:90:3: warning: #warning "Compiler optimizations disabled; functions from <util/delay.h> won't work as designed"
Finished building: ../HAL/ultrasonic_sensor.c
 
Building file: ../Application/Car_Parking_Sensor.c
Invoking: AVR Compiler
avr-gcc -Wall -g2 -gstabs -O0 -fpack-struct -fshort-enums -ffunction-sections -fdata-sections -std=gnu99 -funsigned-char -funsigned-bitfields -mmcu=atmega32 -DF_CPU=16000000UL -MMD -MP -MF"Application/Car_Parking_Sensor.d" -MT"Application/Car_Parking_Sensor.o" -c -o "Application/Car_Parking_Sensor.o" "../Application/Car_Parking_Sensor.c"
In file included from ../Application/../HAL/lcd.h:11,
                 from ../Application/Car_Parking_Sensor.h:11,
                 from ../Application/Car_Parking_Sensor.c:7:
c:/winavr-20100110/lib/gcc/../../avr/include/util/delay.h:90:3: warning: #warning "Compiler optimizations disabled; functions from <util/delay.h> won't work as designed"
Finished building: ../Application/Car_Parking_Sensor.c
 
Building target: Car Parking Sensor.elf
Invoking: AVR C Linker
avr-gcc -Wl,-Map,Car Parking Sensor.map -mmcu=atmega32 -o "Car Parking Sensor.elf"  ./MCAL/adc.o ./MCAL/gpio.o ./MCAL/icu.o ./MCAL/pwm.o  ./HAL/buzzer.o ./HAL/lcd.o ./HAL/leds.o ./HAL/ultrasonic_sensor.o  ./Application/Car_Parking_Sensor.o   
avr-gcc.exe: Parking: No such file or directory
avr-gcc.exe: Sensor.map: No such file or directory
make: *** [Car Parking Sensor.elf] Error 1
"make all" terminated with exit code 2. Build might be incomplete.

16:07:32 Build Failed. 1 errors, 4 warnings. (took 1s.265ms)

